2023-07-23 01:07:176 INFO  HomePage :73 - Clicking on login link : [[ChromeDriver: chrome on windows (a285b6ab8149aead0b85c7895fd88ce3)] -> xpath: //span[text()='Accept All']]
2023-07-23 01:07:24 INFO  HomePage :73 - Clicking on login link : [[ChromeDriver: chrome on windows (be6594a47f9c05d85dc266a34e02f931)] -> xpath: //span[text()='Accept All']]
2023-07-23 01:07:502 INFO  HomePage :73 - Clicking on login link : [[ChromeDriver: chrome on windows (e4b4c7198fc43d5283a2536ada644076)] -> xpath: //span[text()='Accept All']]
2023-07-23 01:07:703 INFO  HomePage :73 - Clicking on login link : [[ChromeDriver: chrome on windows (9b4ff538a0b028d9937ae1ef0aa9b918)] -> xpath: //span[text()='Accept All']]
2023-07-23 01:07:207 INFO  HomePage :78 - Enter JobTitle [[ChromeDriver: chrome on windows (9b4ff538a0b028d9937ae1ef0aa9b918)] -> xpath: //input[@id='keywords']]
2023-07-23 01:07:400 INFO  HomePage :83 - Enter Location [[ChromeDriver: chrome on windows (9b4ff538a0b028d9937ae1ef0aa9b918)] -> xpath: //input[@id='location']]
2023-07-23 01:07:963 INFO  HomePage :88 - Select Miles [[ChromeDriver: chrome on windows (9b4ff538a0b028d9937ae1ef0aa9b918)] -> xpath: //select[@id='distance']]
2023-07-23 01:07:187 INFO  HomePage :93 - Clicking on More search option : [[ChromeDriver: chrome on windows (9b4ff538a0b028d9937ae1ef0aa9b918)] -> xpath: //button[@id='toggle-hp-search']]
2023-07-23 01:07:558 INFO  HomePage :98 - Enter Salary Minimum [[ChromeDriver: chrome on windows (9b4ff538a0b028d9937ae1ef0aa9b918)] -> id: salarymin]
2023-07-23 01:07:695 INFO  HomePage :103 - Enter Salary Maximum [[ChromeDriver: chrome on windows (9b4ff538a0b028d9937ae1ef0aa9b918)] -> id: salarymax]
2023-07-23 01:07:899 INFO  HomePage :108 - Select Salary Type [[ChromeDriver: chrome on windows (9b4ff538a0b028d9937ae1ef0aa9b918)] -> id: salarytype]
2023-07-23 01:07:44 INFO  HomePage :113 - Select Job Type [[ChromeDriver: chrome on windows (9b4ff538a0b028d9937ae1ef0aa9b918)] -> id: tempperm]
2023-07-23 01:07:259 INFO  HomePage :118 - Clicking on Find Jobs Button : [[ChromeDriver: chrome on windows (9b4ff538a0b028d9937ae1ef0aa9b918)] -> id: hp-search-btn]
2023-07-23 01:07:465 INFO  HomePage :73 - Clicking on login link : [[ChromeDriver: chrome on windows (5875dc7bee4be2ece8d7c41b94d762c4)] -> xpath: //span[text()='Accept All']]
2023-07-23 01:07:878 INFO  HomePage :78 - Enter JobTitle [[ChromeDriver: chrome on windows (5875dc7bee4be2ece8d7c41b94d762c4)] -> xpath: //input[@id='keywords']]
2023-07-23 01:07:31 INFO  HomePage :83 - Enter Location [[ChromeDriver: chrome on windows (5875dc7bee4be2ece8d7c41b94d762c4)] -> xpath: //input[@id='location']]
2023-07-23 01:07:631 INFO  HomePage :88 - Select Miles [[ChromeDriver: chrome on windows (5875dc7bee4be2ece8d7c41b94d762c4)] -> xpath: //select[@id='distance']]
2023-07-23 01:07:836 INFO  HomePage :93 - Clicking on More search option : [[ChromeDriver: chrome on windows (5875dc7bee4be2ece8d7c41b94d762c4)] -> xpath: //button[@id='toggle-hp-search']]
2023-07-23 01:07:236 INFO  HomePage :98 - Enter Salary Minimum [[ChromeDriver: chrome on windows (5875dc7bee4be2ece8d7c41b94d762c4)] -> id: salarymin]
2023-07-23 01:07:366 INFO  HomePage :103 - Enter Salary Maximum [[ChromeDriver: chrome on windows (5875dc7bee4be2ece8d7c41b94d762c4)] -> id: salarymax]
2023-07-23 01:07:563 INFO  HomePage :108 - Select Salary Type [[ChromeDriver: chrome on windows (5875dc7bee4be2ece8d7c41b94d762c4)] -> id: salarytype]
2023-07-23 01:07:731 INFO  HomePage :113 - Select Job Type [[ChromeDriver: chrome on windows (5875dc7bee4be2ece8d7c41b94d762c4)] -> id: tempperm]
2023-07-23 01:07:443 INFO  HomePage :73 - Clicking on login link : [[ChromeDriver: chrome on windows (08d02edd50cc1e6ca7430ccc1728007f)] -> xpath: //span[text()='Accept All']]
2023-07-23 01:07:810 INFO  HomePage :73 - Clicking on login link : [[ChromeDriver: chrome on windows (e690e59fb0033302c61140ce4b201955)] -> xpath: //span[text()='Accept All']]
2023-07-23 01:07:244 INFO  HomePage :78 - Enter JobTitle [[ChromeDriver: chrome on windows (e690e59fb0033302c61140ce4b201955)] -> xpath: //input[@id='keywords']]
2023-07-23 01:07:395 INFO  HomePage :83 - Enter Location [[ChromeDriver: chrome on windows (e690e59fb0033302c61140ce4b201955)] -> xpath: //input[@id='location']]
2023-07-23 01:07:645 INFO  HomePage :88 - Select Miles [[ChromeDriver: chrome on windows (e690e59fb0033302c61140ce4b201955)] -> xpath: //select[@id='distance']]
2023-07-23 01:07:263 INFO  HomePage :93 - Clicking on More search option : [[ChromeDriver: chrome on windows (e690e59fb0033302c61140ce4b201955)] -> xpath: //button[@id='toggle-hp-search']]
2023-07-23 01:07:598 INFO  HomePage :98 - Enter Salary Minimum [[ChromeDriver: chrome on windows (e690e59fb0033302c61140ce4b201955)] -> id: salarymin]
2023-07-23 01:07:779 INFO  HomePage :103 - Enter Salary Maximum [[ChromeDriver: chrome on windows (e690e59fb0033302c61140ce4b201955)] -> id: salarymax]
2023-07-23 01:07:969 INFO  HomePage :108 - Select Salary Type [[ChromeDriver: chrome on windows (e690e59fb0033302c61140ce4b201955)] -> id: salarytype]
2023-07-23 01:07:621 INFO  HomePage :113 - Select Job Type [[ChromeDriver: chrome on windows (e690e59fb0033302c61140ce4b201955)] -> id: tempperm]
2023-07-23 01:07:851 INFO  HomePage :118 - Clicking on Find Jobs Button : [[ChromeDriver: chrome on windows (e690e59fb0033302c61140ce4b201955)] -> id: hp-search-btn]
2023-07-23 01:07:122 INFO  HomePage :73 - Clicking on login link : [[ChromeDriver: chrome on windows (e119e89a2abf6a0c34edc0fd3c02415c)] -> xpath: //span[text()='Accept All']]
2023-07-23 01:07:649 INFO  HomePage :78 - Enter JobTitle [[ChromeDriver: chrome on windows (e119e89a2abf6a0c34edc0fd3c02415c)] -> xpath: //input[@id='keywords']]
2023-07-23 01:07:824 INFO  HomePage :83 - Enter Location [[ChromeDriver: chrome on windows (e119e89a2abf6a0c34edc0fd3c02415c)] -> xpath: //input[@id='location']]
2023-07-23 01:07:44 INFO  HomePage :88 - Select Miles [[ChromeDriver: chrome on windows (e119e89a2abf6a0c34edc0fd3c02415c)] -> xpath: //select[@id='distance']]
2023-07-23 01:07:204 INFO  HomePage :93 - Clicking on More search option : [[ChromeDriver: chrome on windows (e119e89a2abf6a0c34edc0fd3c02415c)] -> xpath: //button[@id='toggle-hp-search']]
2023-07-23 01:07:433 INFO  HomePage :98 - Enter Salary Minimum [[ChromeDriver: chrome on windows (e119e89a2abf6a0c34edc0fd3c02415c)] -> id: salarymin]
2023-07-23 01:07:874 INFO  HomePage :103 - Enter Salary Maximum [[ChromeDriver: chrome on windows (e119e89a2abf6a0c34edc0fd3c02415c)] -> id: salarymax]
2023-07-23 01:07:161 INFO  HomePage :108 - Select Salary Type [[ChromeDriver: chrome on windows (e119e89a2abf6a0c34edc0fd3c02415c)] -> id: salarytype]
2023-07-23 01:07:715 INFO  HomePage :113 - Select Job Type [[ChromeDriver: chrome on windows (e119e89a2abf6a0c34edc0fd3c02415c)] -> id: tempperm]
2023-07-23 01:07:642 INFO  HomePage :118 - Clicking on Find Jobs Button : [[ChromeDriver: chrome on windows (e119e89a2abf6a0c34edc0fd3c02415c)] -> id: hp-search-btn]
2023-07-23 01:07:862 INFO  HomePage :73 - Clicking on login link : [[ChromeDriver: chrome on windows (fae331d241f83d16d6803fdfd37a16f9)] -> xpath: //span[text()='Accept All']]
2023-07-23 01:07:644 INFO  HomePage :73 - Clicking on login link : [[ChromeDriver: chrome on windows (51e54b5c2cfabb4d1dbd523f964d5deb)] -> xpath: //span[text()='Accept All']]
2023-07-23 01:07:146 INFO  HomePage :73 - Clicking on login link : [[ChromeDriver: chrome on windows (5ab26631bc19d6580b12075671c9c554)] -> xpath: //span[text()='Accept All']]
2023-07-23 01:07:629 INFO  HomePage :78 - Enter JobTitle [[ChromeDriver: chrome on windows (5ab26631bc19d6580b12075671c9c554)] -> xpath: //input[@id='keywords']]
2023-07-23 01:07:770 INFO  HomePage :83 - Enter Location [[ChromeDriver: chrome on windows (5ab26631bc19d6580b12075671c9c554)] -> xpath: //input[@id='location']]
2023-07-23 01:07:14 INFO  HomePage :88 - Select Miles [[ChromeDriver: chrome on windows (5ab26631bc19d6580b12075671c9c554)] -> xpath: //select[@id='distance']]
2023-07-23 01:07:201 INFO  HomePage :93 - Clicking on More search option : [[ChromeDriver: chrome on windows (5ab26631bc19d6580b12075671c9c554)] -> xpath: //button[@id='toggle-hp-search']]
2023-07-23 01:07:537 INFO  HomePage :98 - Enter Salary Minimum [[ChromeDriver: chrome on windows (5ab26631bc19d6580b12075671c9c554)] -> id: salarymin]
2023-07-23 01:07:463 INFO  HomePage :103 - Enter Salary Maximum [[ChromeDriver: chrome on windows (5ab26631bc19d6580b12075671c9c554)] -> id: salarymax]
2023-07-23 01:07:665 INFO  HomePage :108 - Select Salary Type [[ChromeDriver: chrome on windows (5ab26631bc19d6580b12075671c9c554)] -> id: salarytype]
2023-07-23 01:07:857 INFO  HomePage :113 - Select Job Type [[ChromeDriver: chrome on windows (5ab26631bc19d6580b12075671c9c554)] -> id: tempperm]
2023-07-23 01:07:131 INFO  HomePage :118 - Clicking on Find Jobs Button : [[ChromeDriver: chrome on windows (5ab26631bc19d6580b12075671c9c554)] -> id: hp-search-btn]
2023-07-23 01:07:774 INFO  HomePage :73 - Clicking on login link : [[ChromeDriver: chrome on windows (e214f9ce38227dc569ecd2a4dc2d34d5)] -> xpath: //span[text()='Accept All']]
2023-07-23 01:07:339 INFO  HomePage :78 - Enter JobTitle [[ChromeDriver: chrome on windows (e214f9ce38227dc569ecd2a4dc2d34d5)] -> xpath: //input[@id='keywords']]
2023-07-23 01:07:525 INFO  HomePage :83 - Enter Location [[ChromeDriver: chrome on windows (e214f9ce38227dc569ecd2a4dc2d34d5)] -> xpath: //input[@id='location']]
2023-07-23 01:07:784 INFO  HomePage :88 - Select Miles [[ChromeDriver: chrome on windows (e214f9ce38227dc569ecd2a4dc2d34d5)] -> xpath: //select[@id='distance']]
2023-07-23 01:07:01 INFO  HomePage :93 - Clicking on More search option : [[ChromeDriver: chrome on windows (e214f9ce38227dc569ecd2a4dc2d34d5)] -> xpath: //button[@id='toggle-hp-search']]
2023-07-23 01:07:343 INFO  HomePage :98 - Enter Salary Minimum [[ChromeDriver: chrome on windows (e214f9ce38227dc569ecd2a4dc2d34d5)] -> id: salarymin]
2023-07-23 01:07:398 INFO  HomePage :103 - Enter Salary Maximum [[ChromeDriver: chrome on windows (e214f9ce38227dc569ecd2a4dc2d34d5)] -> id: salarymax]
2023-07-23 01:07:871 INFO  HomePage :108 - Select Salary Type [[ChromeDriver: chrome on windows (e214f9ce38227dc569ecd2a4dc2d34d5)] -> id: salarytype]
2023-07-23 01:07:255 INFO  HomePage :113 - Select Job Type [[ChromeDriver: chrome on windows (e214f9ce38227dc569ecd2a4dc2d34d5)] -> id: tempperm]
2023-07-23 01:07:936 INFO  HomePage :118 - Clicking on Find Jobs Button : [[ChromeDriver: chrome on windows (e214f9ce38227dc569ecd2a4dc2d34d5)] -> id: hp-search-btn]
2023-07-23 01:07:821 INFO  HomePage :73 - Clicking on login link : [[ChromeDriver: chrome on windows (4ceece0ef70954e3a056b3bcf61de35b)] -> xpath: //span[text()='Accept All']]
2023-07-23 01:07:964 INFO  HomePage :73 - Clicking on login link : [[ChromeDriver: chrome on windows (3902afdf3c8d60f93b2f01b5baa62146)] -> xpath: //span[text()='Accept All']]
2023-07-23 01:07:526 INFO  HomePage :73 - Clicking on login link : [[ChromeDriver: chrome on windows (90553da5220612e6e3f155003ce0e244)] -> xpath: //span[text()='Accept All']]
2023-07-23 01:07:100 INFO  HomePage :78 - Enter JobTitle [[ChromeDriver: chrome on windows (90553da5220612e6e3f155003ce0e244)] -> xpath: //input[@id='keywords']]
2023-07-23 01:07:233 INFO  HomePage :83 - Enter Location [[ChromeDriver: chrome on windows (90553da5220612e6e3f155003ce0e244)] -> xpath: //input[@id='location']]
2023-07-23 01:07:705 INFO  HomePage :88 - Select Miles [[ChromeDriver: chrome on windows (90553da5220612e6e3f155003ce0e244)] -> xpath: //select[@id='distance']]
2023-07-23 01:07:32 INFO  HomePage :93 - Clicking on More search option : [[ChromeDriver: chrome on windows (90553da5220612e6e3f155003ce0e244)] -> xpath: //button[@id='toggle-hp-search']]
2023-07-23 01:07:283 INFO  HomePage :98 - Enter Salary Minimum [[ChromeDriver: chrome on windows (90553da5220612e6e3f155003ce0e244)] -> id: salarymin]
2023-07-23 01:07:404 INFO  HomePage :103 - Enter Salary Maximum [[ChromeDriver: chrome on windows (90553da5220612e6e3f155003ce0e244)] -> id: salarymax]
2023-07-23 01:07:577 INFO  HomePage :108 - Select Salary Type [[ChromeDriver: chrome on windows (90553da5220612e6e3f155003ce0e244)] -> id: salarytype]
2023-07-23 01:07:743 INFO  HomePage :113 - Select Job Type [[ChromeDriver: chrome on windows (90553da5220612e6e3f155003ce0e244)] -> id: tempperm]
2023-07-23 01:07:927 INFO  HomePage :118 - Clicking on Find Jobs Button : [[ChromeDriver: chrome on windows (90553da5220612e6e3f155003ce0e244)] -> id: hp-search-btn]
2023-07-23 01:07:845 INFO  HomePage :73 - Clicking on login link : [[ChromeDriver: chrome on windows (d73c1bcf75e709fa309a4043fd4396f5)] -> xpath: //span[text()='Accept All']]
2023-07-24 16:07:301 INFO  HomePage :73 - Clicking on login link : [[ChromeDriver: chrome on mac (24430f35073da6beb8aa76f4f3e1fef8)] -> xpath: //span[text()='Accept All']]
2023-07-24 16:07:160 INFO  HomePage :78 - Enter JobTitle [[ChromeDriver: chrome on mac (24430f35073da6beb8aa76f4f3e1fef8)] -> xpath: //input[@id='keywords']]
2023-07-24 16:07:312 INFO  HomePage :83 - Enter Location [[ChromeDriver: chrome on mac (24430f35073da6beb8aa76f4f3e1fef8)] -> xpath: //input[@id='location']]
2023-07-24 16:07:545 INFO  HomePage :88 - Select Miles [[ChromeDriver: chrome on mac (24430f35073da6beb8aa76f4f3e1fef8)] -> xpath: //select[@id='distance']]
2023-07-24 16:07:649 INFO  HomePage :93 - Clicking on More search option : [[ChromeDriver: chrome on mac (24430f35073da6beb8aa76f4f3e1fef8)] -> xpath: //button[@id='toggle-hp-search']]
2023-07-24 16:07:898 INFO  HomePage :98 - Enter Salary Minimum [[ChromeDriver: chrome on mac (24430f35073da6beb8aa76f4f3e1fef8)] -> id: salarymin]
2023-07-24 16:07:16 INFO  HomePage :103 - Enter Salary Maximum [[ChromeDriver: chrome on mac (24430f35073da6beb8aa76f4f3e1fef8)] -> id: salarymax]
2023-07-24 16:07:147 INFO  HomePage :108 - Select Salary Type [[ChromeDriver: chrome on mac (24430f35073da6beb8aa76f4f3e1fef8)] -> id: salarytype]
2023-07-24 16:07:252 INFO  HomePage :113 - Select Job Type [[ChromeDriver: chrome on mac (24430f35073da6beb8aa76f4f3e1fef8)] -> id: tempperm]
2023-07-24 16:07:359 INFO  HomePage :118 - Clicking on Find Jobs Button : [[ChromeDriver: chrome on mac (24430f35073da6beb8aa76f4f3e1fef8)] -> id: hp-search-btn]
2023-07-24 16:07:752 INFO  HomePage :73 - Clicking on login link : [[ChromeDriver: chrome on mac (acb73f984a638287b5f7b7fa48077fc0)] -> xpath: //span[text()='Accept All']]
2023-07-24 16:07:837 INFO  HomePage :78 - Enter JobTitle [[ChromeDriver: chrome on mac (acb73f984a638287b5f7b7fa48077fc0)] -> xpath: //input[@id='keywords']]
2023-07-24 16:07:113 INFO  HomePage :83 - Enter Location [[ChromeDriver: chrome on mac (acb73f984a638287b5f7b7fa48077fc0)] -> xpath: //input[@id='location']]
2023-07-24 16:07:310 INFO  HomePage :88 - Select Miles [[ChromeDriver: chrome on mac (acb73f984a638287b5f7b7fa48077fc0)] -> xpath: //select[@id='distance']]
2023-07-24 16:07:471 INFO  HomePage :93 - Clicking on More search option : [[ChromeDriver: chrome on mac (acb73f984a638287b5f7b7fa48077fc0)] -> xpath: //button[@id='toggle-hp-search']]
2023-07-24 16:07:737 INFO  HomePage :98 - Enter Salary Minimum [[ChromeDriver: chrome on mac (acb73f984a638287b5f7b7fa48077fc0)] -> id: salarymin]
2023-07-24 16:07:846 INFO  HomePage :103 - Enter Salary Maximum [[ChromeDriver: chrome on mac (acb73f984a638287b5f7b7fa48077fc0)] -> id: salarymax]
2023-07-24 16:07:39 INFO  HomePage :108 - Select Salary Type [[ChromeDriver: chrome on mac (acb73f984a638287b5f7b7fa48077fc0)] -> id: salarytype]
2023-07-24 16:07:165 INFO  HomePage :113 - Select Job Type [[ChromeDriver: chrome on mac (acb73f984a638287b5f7b7fa48077fc0)] -> id: tempperm]
2023-07-24 16:07:311 INFO  HomePage :118 - Clicking on Find Jobs Button : [[ChromeDriver: chrome on mac (acb73f984a638287b5f7b7fa48077fc0)] -> id: hp-search-btn]
2023-07-24 16:07:799 INFO  HomePage :73 - Clicking on login link : [[ChromeDriver: chrome on mac (0f25746939e6c0c9a2e314be0b216c74)] -> xpath: //span[text()='Accept All']]
2023-07-24 16:07:692 INFO  HomePage :78 - Enter JobTitle [[ChromeDriver: chrome on mac (0f25746939e6c0c9a2e314be0b216c74)] -> xpath: //input[@id='keywords']]
2023-07-24 16:07:863 INFO  HomePage :83 - Enter Location [[ChromeDriver: chrome on mac (0f25746939e6c0c9a2e314be0b216c74)] -> xpath: //input[@id='location']]
2023-07-24 16:07:83 INFO  HomePage :88 - Select Miles [[ChromeDriver: chrome on mac (0f25746939e6c0c9a2e314be0b216c74)] -> xpath: //select[@id='distance']]
2023-07-24 16:07:243 INFO  HomePage :93 - Clicking on More search option : [[ChromeDriver: chrome on mac (0f25746939e6c0c9a2e314be0b216c74)] -> xpath: //button[@id='toggle-hp-search']]
2023-07-24 16:07:481 INFO  HomePage :98 - Enter Salary Minimum [[ChromeDriver: chrome on mac (0f25746939e6c0c9a2e314be0b216c74)] -> id: salarymin]
2023-07-24 16:07:584 INFO  HomePage :103 - Enter Salary Maximum [[ChromeDriver: chrome on mac (0f25746939e6c0c9a2e314be0b216c74)] -> id: salarymax]
2023-07-24 16:07:725 INFO  HomePage :108 - Select Salary Type [[ChromeDriver: chrome on mac (0f25746939e6c0c9a2e314be0b216c74)] -> id: salarytype]
2023-07-24 16:07:845 INFO  HomePage :113 - Select Job Type [[ChromeDriver: chrome on mac (0f25746939e6c0c9a2e314be0b216c74)] -> id: tempperm]
2023-07-24 16:07:935 INFO  HomePage :118 - Clicking on Find Jobs Button : [[ChromeDriver: chrome on mac (0f25746939e6c0c9a2e314be0b216c74)] -> id: hp-search-btn]
2023-07-24 16:07:913 INFO  HomePage :73 - Clicking on login link : [[ChromeDriver: chrome on mac (8df8f6ad9543e2232dc089c80fac47ca)] -> xpath: //span[text()='Accept All']]
2023-07-24 16:07:809 INFO  HomePage :78 - Enter JobTitle [[ChromeDriver: chrome on mac (8df8f6ad9543e2232dc089c80fac47ca)] -> xpath: //input[@id='keywords']]
2023-07-24 16:07:987 INFO  HomePage :83 - Enter Location [[ChromeDriver: chrome on mac (8df8f6ad9543e2232dc089c80fac47ca)] -> xpath: //input[@id='location']]
2023-07-24 16:07:370 INFO  HomePage :73 - Clicking on login link : [[ChromeDriver: chrome on mac (a70393698bf02b3a86693b61a7ba09b0)] -> xpath: //span[text()='Accept All']]
2023-07-24 16:07:350 INFO  HomePage :78 - Enter JobTitle [[ChromeDriver: chrome on mac (a70393698bf02b3a86693b61a7ba09b0)] -> xpath: //input[@id='keywords']]
2023-07-24 16:07:586 INFO  HomePage :83 - Enter Location [[ChromeDriver: chrome on mac (a70393698bf02b3a86693b61a7ba09b0)] -> xpath: //input[@id='location']]
2023-07-24 16:07:751 INFO  HomePage :88 - Select Miles [[ChromeDriver: chrome on mac (a70393698bf02b3a86693b61a7ba09b0)] -> xpath: //select[@id='distance']]
2023-07-24 16:07:861 INFO  HomePage :93 - Clicking on More search option : [[ChromeDriver: chrome on mac (a70393698bf02b3a86693b61a7ba09b0)] -> xpath: //button[@id='toggle-hp-search']]
2023-07-24 16:07:105 INFO  HomePage :98 - Enter Salary Minimum [[ChromeDriver: chrome on mac (a70393698bf02b3a86693b61a7ba09b0)] -> id: salarymin]
2023-07-24 16:07:213 INFO  HomePage :103 - Enter Salary Maximum [[ChromeDriver: chrome on mac (a70393698bf02b3a86693b61a7ba09b0)] -> id: salarymax]
2023-07-24 16:07:346 INFO  HomePage :108 - Select Salary Type [[ChromeDriver: chrome on mac (a70393698bf02b3a86693b61a7ba09b0)] -> id: salarytype]
2023-07-24 16:07:422 INFO  HomePage :113 - Select Job Type [[ChromeDriver: chrome on mac (a70393698bf02b3a86693b61a7ba09b0)] -> id: tempperm]
2023-07-24 16:07:505 INFO  HomePage :118 - Clicking on Find Jobs Button : [[ChromeDriver: chrome on mac (a70393698bf02b3a86693b61a7ba09b0)] -> id: hp-search-btn]
2023-07-24 16:07:595 INFO  HomePage :73 - Clicking on login link : [[ChromeDriver: chrome on mac (2deafc7314a553910594b904c1798a50)] -> xpath: //span[text()='Accept All']]
2023-07-24 16:07:621 INFO  HomePage :78 - Enter JobTitle [[ChromeDriver: chrome on mac (2deafc7314a553910594b904c1798a50)] -> xpath: //input[@id='keywords']]
2023-07-24 16:07:782 INFO  HomePage :83 - Enter Location [[ChromeDriver: chrome on mac (2deafc7314a553910594b904c1798a50)] -> xpath: //input[@id='location']]
2023-07-24 16:07:972 INFO  HomePage :88 - Select Miles [[ChromeDriver: chrome on mac (2deafc7314a553910594b904c1798a50)] -> xpath: //select[@id='distance']]
2023-07-24 16:07:103 INFO  HomePage :93 - Clicking on More search option : [[ChromeDriver: chrome on mac (2deafc7314a553910594b904c1798a50)] -> xpath: //button[@id='toggle-hp-search']]
2023-07-24 16:07:264 INFO  HomePage :98 - Enter Salary Minimum [[ChromeDriver: chrome on mac (2deafc7314a553910594b904c1798a50)] -> id: salarymin]
2023-07-24 16:07:452 INFO  HomePage :103 - Enter Salary Maximum [[ChromeDriver: chrome on mac (2deafc7314a553910594b904c1798a50)] -> id: salarymax]
2023-07-24 16:07:717 INFO  HomePage :108 - Select Salary Type [[ChromeDriver: chrome on mac (2deafc7314a553910594b904c1798a50)] -> id: salarytype]
2023-07-24 16:07:893 INFO  HomePage :113 - Select Job Type [[ChromeDriver: chrome on mac (2deafc7314a553910594b904c1798a50)] -> id: tempperm]
2023-07-24 16:07:45 INFO  HomePage :118 - Clicking on Find Jobs Button : [[ChromeDriver: chrome on mac (2deafc7314a553910594b904c1798a50)] -> id: hp-search-btn]
2023-07-24 16:07:324 INFO  HomePage :73 - Clicking on login link : [[ChromeDriver: chrome on mac (d057efdaad26d85a0a78f4dafe78d9fb)] -> xpath: //span[text()='Accept All']]
2023-07-24 16:07:584 INFO  HomePage :78 - Enter JobTitle [[ChromeDriver: chrome on mac (d057efdaad26d85a0a78f4dafe78d9fb)] -> xpath: //input[@id='keywords']]
2023-07-24 16:07:692 INFO  HomePage :83 - Enter Location [[ChromeDriver: chrome on mac (d057efdaad26d85a0a78f4dafe78d9fb)] -> xpath: //input[@id='location']]
2023-07-24 16:07:783 INFO  HomePage :88 - Select Miles [[ChromeDriver: chrome on mac (d057efdaad26d85a0a78f4dafe78d9fb)] -> xpath: //select[@id='distance']]
2023-07-24 16:07:855 INFO  HomePage :93 - Clicking on More search option : [[ChromeDriver: chrome on mac (d057efdaad26d85a0a78f4dafe78d9fb)] -> xpath: //button[@id='toggle-hp-search']]
2023-07-24 16:07:920 INFO  HomePage :98 - Enter Salary Minimum [[ChromeDriver: chrome on mac (d057efdaad26d85a0a78f4dafe78d9fb)] -> id: salarymin]
2023-07-24 16:07:975 INFO  HomePage :103 - Enter Salary Maximum [[ChromeDriver: chrome on mac (d057efdaad26d85a0a78f4dafe78d9fb)] -> id: salarymax]
2023-07-24 16:07:46 INFO  HomePage :108 - Select Salary Type [[ChromeDriver: chrome on mac (d057efdaad26d85a0a78f4dafe78d9fb)] -> id: salarytype]
2023-07-24 16:07:127 INFO  HomePage :113 - Select Job Type [[ChromeDriver: chrome on mac (d057efdaad26d85a0a78f4dafe78d9fb)] -> id: tempperm]
2023-07-24 16:07:195 INFO  HomePage :118 - Clicking on Find Jobs Button : [[ChromeDriver: chrome on mac (d057efdaad26d85a0a78f4dafe78d9fb)] -> id: hp-search-btn]
2023-07-24 16:07:930 INFO  HomePage :73 - Clicking on login link : [[ChromeDriver: chrome on mac (4328466fa6fbcdf80416c6733289916a)] -> xpath: //span[text()='Accept All']]
2023-07-24 16:07:282 INFO  HomePage :78 - Enter JobTitle [[ChromeDriver: chrome on mac (4328466fa6fbcdf80416c6733289916a)] -> xpath: //input[@id='keywords']]
2023-07-24 16:07:394 INFO  HomePage :83 - Enter Location [[ChromeDriver: chrome on mac (4328466fa6fbcdf80416c6733289916a)] -> xpath: //input[@id='location']]
2023-07-24 16:07:476 INFO  HomePage :88 - Select Miles [[ChromeDriver: chrome on mac (4328466fa6fbcdf80416c6733289916a)] -> xpath: //select[@id='distance']]
2023-07-24 16:07:554 INFO  HomePage :93 - Clicking on More search option : [[ChromeDriver: chrome on mac (4328466fa6fbcdf80416c6733289916a)] -> xpath: //button[@id='toggle-hp-search']]
2023-07-24 16:07:642 INFO  HomePage :98 - Enter Salary Minimum [[ChromeDriver: chrome on mac (4328466fa6fbcdf80416c6733289916a)] -> id: salarymin]
2023-07-24 16:07:712 INFO  HomePage :103 - Enter Salary Maximum [[ChromeDriver: chrome on mac (4328466fa6fbcdf80416c6733289916a)] -> id: salarymax]
2023-07-24 16:07:797 INFO  HomePage :108 - Select Salary Type [[ChromeDriver: chrome on mac (4328466fa6fbcdf80416c6733289916a)] -> id: salarytype]
2023-07-24 16:07:876 INFO  HomePage :113 - Select Job Type [[ChromeDriver: chrome on mac (4328466fa6fbcdf80416c6733289916a)] -> id: tempperm]
2023-07-24 16:07:952 INFO  HomePage :118 - Clicking on Find Jobs Button : [[ChromeDriver: chrome on mac (4328466fa6fbcdf80416c6733289916a)] -> id: hp-search-btn]
2023-07-24 16:07:69 INFO  HomePage :73 - Clicking on login link : [[ChromeDriver: chrome on mac (1fba34a78a18d6f804bab4f7a0fa7513)] -> xpath: //span[text()='Accept All']]
2023-07-24 16:07:489 INFO  HomePage :78 - Enter JobTitle [[ChromeDriver: chrome on mac (1fba34a78a18d6f804bab4f7a0fa7513)] -> xpath: //input[@id='keywords']]
2023-07-24 16:07:533 INFO  HomePage :83 - Enter Location [[ChromeDriver: chrome on mac (1fba34a78a18d6f804bab4f7a0fa7513)] -> xpath: //input[@id='location']]
2023-07-24 16:07:576 INFO  HomePage :88 - Select Miles [[ChromeDriver: chrome on mac (1fba34a78a18d6f804bab4f7a0fa7513)] -> xpath: //select[@id='distance']]
2023-07-24 16:07:655 INFO  HomePage :93 - Clicking on More search option : [[ChromeDriver: chrome on mac (1fba34a78a18d6f804bab4f7a0fa7513)] -> xpath: //button[@id='toggle-hp-search']]
2023-07-24 16:07:761 INFO  HomePage :98 - Enter Salary Minimum [[ChromeDriver: chrome on mac (1fba34a78a18d6f804bab4f7a0fa7513)] -> id: salarymin]
2023-07-24 16:07:847 INFO  HomePage :103 - Enter Salary Maximum [[ChromeDriver: chrome on mac (1fba34a78a18d6f804bab4f7a0fa7513)] -> id: salarymax]
2023-07-24 16:07:912 INFO  HomePage :108 - Select Salary Type [[ChromeDriver: chrome on mac (1fba34a78a18d6f804bab4f7a0fa7513)] -> id: salarytype]
2023-07-24 16:07:963 INFO  HomePage :113 - Select Job Type [[ChromeDriver: chrome on mac (1fba34a78a18d6f804bab4f7a0fa7513)] -> id: tempperm]
2023-07-24 16:07:35 INFO  HomePage :118 - Clicking on Find Jobs Button : [[ChromeDriver: chrome on mac (1fba34a78a18d6f804bab4f7a0fa7513)] -> id: hp-search-btn]
2023-07-24 16:07:854 INFO  HomePage :73 - Clicking on login link : [[ChromeDriver: chrome on mac (c3f14c98f096d53615276f79a2f6edf9)] -> xpath: //span[text()='Accept All']]
2023-07-24 16:07:260 INFO  HomePage :78 - Enter JobTitle [[ChromeDriver: chrome on mac (c3f14c98f096d53615276f79a2f6edf9)] -> xpath: //input[@id='keywords']]
2023-07-24 16:07:304 INFO  HomePage :83 - Enter Location [[ChromeDriver: chrome on mac (c3f14c98f096d53615276f79a2f6edf9)] -> xpath: //input[@id='location']]
2023-07-24 16:07:727 INFO  HomePage :73 - Clicking on login link : [[ChromeDriver: chrome on mac (beaca24cd6fa6d476778f1a8ac80c323)] -> xpath: //span[text()='Accept All']]
2023-07-24 16:07:148 INFO  HomePage :78 - Enter JobTitle [[ChromeDriver: chrome on mac (beaca24cd6fa6d476778f1a8ac80c323)] -> xpath: //input[@id='keywords']]
2023-07-24 16:07:194 INFO  HomePage :83 - Enter Location [[ChromeDriver: chrome on mac (beaca24cd6fa6d476778f1a8ac80c323)] -> xpath: //input[@id='location']]
2023-07-24 16:07:264 INFO  HomePage :88 - Select Miles [[ChromeDriver: chrome on mac (beaca24cd6fa6d476778f1a8ac80c323)] -> xpath: //select[@id='distance']]
2023-07-24 16:07:315 INFO  HomePage :93 - Clicking on More search option : [[ChromeDriver: chrome on mac (beaca24cd6fa6d476778f1a8ac80c323)] -> xpath: //button[@id='toggle-hp-search']]
2023-07-24 16:07:400 INFO  HomePage :98 - Enter Salary Minimum [[ChromeDriver: chrome on mac (beaca24cd6fa6d476778f1a8ac80c323)] -> id: salarymin]
2023-07-24 16:07:462 INFO  HomePage :103 - Enter Salary Maximum [[ChromeDriver: chrome on mac (beaca24cd6fa6d476778f1a8ac80c323)] -> id: salarymax]
2023-07-24 16:07:527 INFO  HomePage :108 - Select Salary Type [[ChromeDriver: chrome on mac (beaca24cd6fa6d476778f1a8ac80c323)] -> id: salarytype]
2023-07-24 16:07:576 INFO  HomePage :113 - Select Job Type [[ChromeDriver: chrome on mac (beaca24cd6fa6d476778f1a8ac80c323)] -> id: tempperm]
2023-07-24 16:07:646 INFO  HomePage :118 - Clicking on Find Jobs Button : [[ChromeDriver: chrome on mac (beaca24cd6fa6d476778f1a8ac80c323)] -> id: hp-search-btn]
2023-07-24 16:07:452 INFO  HomePage :73 - Clicking on login link : [[ChromeDriver: chrome on mac (5c1351290356b5875abf361069f8fcd8)] -> xpath: //span[text()='Accept All']]
2023-07-24 16:07:903 INFO  HomePage :78 - Enter JobTitle [[ChromeDriver: chrome on mac (5c1351290356b5875abf361069f8fcd8)] -> xpath: //input[@id='keywords']]
2023-07-24 16:07:951 INFO  HomePage :83 - Enter Location [[ChromeDriver: chrome on mac (5c1351290356b5875abf361069f8fcd8)] -> xpath: //input[@id='location']]
2023-07-24 16:07:31 INFO  HomePage :88 - Select Miles [[ChromeDriver: chrome on mac (5c1351290356b5875abf361069f8fcd8)] -> xpath: //select[@id='distance']]
2023-07-24 16:07:92 INFO  HomePage :93 - Clicking on More search option : [[ChromeDriver: chrome on mac (5c1351290356b5875abf361069f8fcd8)] -> xpath: //button[@id='toggle-hp-search']]
2023-07-24 16:07:170 INFO  HomePage :98 - Enter Salary Minimum [[ChromeDriver: chrome on mac (5c1351290356b5875abf361069f8fcd8)] -> id: salarymin]
2023-07-24 16:07:215 INFO  HomePage :103 - Enter Salary Maximum [[ChromeDriver: chrome on mac (5c1351290356b5875abf361069f8fcd8)] -> id: salarymax]
2023-07-24 16:07:289 INFO  HomePage :108 - Select Salary Type [[ChromeDriver: chrome on mac (5c1351290356b5875abf361069f8fcd8)] -> id: salarytype]
2023-07-24 16:07:340 INFO  HomePage :113 - Select Job Type [[ChromeDriver: chrome on mac (5c1351290356b5875abf361069f8fcd8)] -> id: tempperm]
2023-07-24 16:07:409 INFO  HomePage :118 - Clicking on Find Jobs Button : [[ChromeDriver: chrome on mac (5c1351290356b5875abf361069f8fcd8)] -> id: hp-search-btn]
2023-07-25 15:07:422 INFO  HomePage :73 - Clicking on login link : [[ChromeDriver: chrome on mac (efa24bc5e44522017911642e37567b35)] -> xpath: //span[text()='Accept All']]
2023-07-25 15:07:382 INFO  HomePage :78 - Enter JobTitle [[ChromeDriver: chrome on mac (efa24bc5e44522017911642e37567b35)] -> xpath: //input[@id='keywords']]
2023-07-25 15:07:548 INFO  HomePage :83 - Enter Location [[ChromeDriver: chrome on mac (efa24bc5e44522017911642e37567b35)] -> xpath: //input[@id='location']]
2023-07-25 15:07:775 INFO  HomePage :88 - Select Miles [[ChromeDriver: chrome on mac (efa24bc5e44522017911642e37567b35)] -> xpath: //select[@id='distance']]
2023-07-25 15:07:956 INFO  HomePage :93 - Clicking on More search option : [[ChromeDriver: chrome on mac (efa24bc5e44522017911642e37567b35)] -> xpath: //button[@id='toggle-hp-search']]
2023-07-25 15:07:253 INFO  HomePage :98 - Enter Salary Minimum [[ChromeDriver: chrome on mac (efa24bc5e44522017911642e37567b35)] -> id: salarymin]
2023-07-25 15:07:475 INFO  HomePage :103 - Enter Salary Maximum [[ChromeDriver: chrome on mac (efa24bc5e44522017911642e37567b35)] -> id: salarymax]
2023-07-25 15:07:667 INFO  HomePage :108 - Select Salary Type [[ChromeDriver: chrome on mac (efa24bc5e44522017911642e37567b35)] -> id: salarytype]
2023-07-25 15:07:810 INFO  HomePage :113 - Select Job Type [[ChromeDriver: chrome on mac (efa24bc5e44522017911642e37567b35)] -> id: tempperm]
2023-07-25 15:07:972 INFO  HomePage :118 - Clicking on Find Jobs Button : [[ChromeDriver: chrome on mac (efa24bc5e44522017911642e37567b35)] -> id: hp-search-btn]
2023-07-25 15:07:824 INFO  ResultPage :29 - Getting result [[ChromeDriver: chrome on mac (efa24bc5e44522017911642e37567b35)] -> xpath: //h1[@class='search-header__title']]
2023-07-25 15:07:231 INFO  HomePage :73 - Clicking on login link : [[ChromeDriver: chrome on mac (f1bb00b873ae810104b4d66ae05c9b10)] -> xpath: //span[text()='Accept All']]
2023-07-25 15:07:123 INFO  HomePage :78 - Enter JobTitle [[ChromeDriver: chrome on mac (f1bb00b873ae810104b4d66ae05c9b10)] -> xpath: //input[@id='keywords']]
2023-07-25 15:07:186 INFO  HomePage :83 - Enter Location [[ChromeDriver: chrome on mac (f1bb00b873ae810104b4d66ae05c9b10)] -> xpath: //input[@id='location']]
2023-07-25 15:07:347 INFO  HomePage :88 - Select Miles [[ChromeDriver: chrome on mac (f1bb00b873ae810104b4d66ae05c9b10)] -> xpath: //select[@id='distance']]
2023-07-25 15:07:458 INFO  HomePage :93 - Clicking on More search option : [[ChromeDriver: chrome on mac (f1bb00b873ae810104b4d66ae05c9b10)] -> xpath: //button[@id='toggle-hp-search']]
2023-07-25 15:07:656 INFO  HomePage :98 - Enter Salary Minimum [[ChromeDriver: chrome on mac (f1bb00b873ae810104b4d66ae05c9b10)] -> id: salarymin]
2023-07-25 15:07:758 INFO  HomePage :103 - Enter Salary Maximum [[ChromeDriver: chrome on mac (f1bb00b873ae810104b4d66ae05c9b10)] -> id: salarymax]
2023-07-25 15:07:880 INFO  HomePage :108 - Select Salary Type [[ChromeDriver: chrome on mac (f1bb00b873ae810104b4d66ae05c9b10)] -> id: salarytype]
2023-07-25 15:07:971 INFO  HomePage :113 - Select Job Type [[ChromeDriver: chrome on mac (f1bb00b873ae810104b4d66ae05c9b10)] -> id: tempperm]
2023-07-25 15:07:78 INFO  HomePage :118 - Clicking on Find Jobs Button : [[ChromeDriver: chrome on mac (f1bb00b873ae810104b4d66ae05c9b10)] -> id: hp-search-btn]
2023-07-25 15:07:617 INFO  ResultPage :29 - Getting result [[ChromeDriver: chrome on mac (f1bb00b873ae810104b4d66ae05c9b10)] -> xpath: //h1[@class='search-header__title']]
2023-07-25 15:07:863 INFO  HomePage :73 - Clicking on login link : [[ChromeDriver: chrome on mac (9585e982b2b03fe01e71449774dee750)] -> xpath: //span[text()='Accept All']]
2023-07-25 15:07:683 INFO  HomePage :78 - Enter JobTitle [[ChromeDriver: chrome on mac (9585e982b2b03fe01e71449774dee750)] -> xpath: //input[@id='keywords']]
2023-07-25 15:07:779 INFO  HomePage :83 - Enter Location [[ChromeDriver: chrome on mac (9585e982b2b03fe01e71449774dee750)] -> xpath: //input[@id='location']]
2023-07-25 15:07:866 INFO  HomePage :88 - Select Miles [[ChromeDriver: chrome on mac (9585e982b2b03fe01e71449774dee750)] -> xpath: //select[@id='distance']]
2023-07-25 15:07:999 INFO  HomePage :93 - Clicking on More search option : [[ChromeDriver: chrome on mac (9585e982b2b03fe01e71449774dee750)] -> xpath: //button[@id='toggle-hp-search']]
2023-07-25 15:07:125 INFO  HomePage :98 - Enter Salary Minimum [[ChromeDriver: chrome on mac (9585e982b2b03fe01e71449774dee750)] -> id: salarymin]
2023-07-25 15:07:214 INFO  HomePage :103 - Enter Salary Maximum [[ChromeDriver: chrome on mac (9585e982b2b03fe01e71449774dee750)] -> id: salarymax]
2023-07-25 15:07:336 INFO  HomePage :108 - Select Salary Type [[ChromeDriver: chrome on mac (9585e982b2b03fe01e71449774dee750)] -> id: salarytype]
2023-07-25 15:07:458 INFO  HomePage :113 - Select Job Type [[ChromeDriver: chrome on mac (9585e982b2b03fe01e71449774dee750)] -> id: tempperm]
2023-07-25 15:07:626 INFO  HomePage :118 - Clicking on Find Jobs Button : [[ChromeDriver: chrome on mac (9585e982b2b03fe01e71449774dee750)] -> id: hp-search-btn]
2023-07-25 15:07:386 INFO  ResultPage :29 - Getting result [[ChromeDriver: chrome on mac (9585e982b2b03fe01e71449774dee750)] -> xpath: //h1[@class='search-header__title']]
2023-07-25 15:07:122 INFO  HomePage :73 - Clicking on login link : [[ChromeDriver: chrome on mac (811f94d153a2cca4dd1a0863eebe9b09)] -> xpath: //span[text()='Accept All']]
2023-07-25 15:07:841 INFO  HomePage :78 - Enter JobTitle [[ChromeDriver: chrome on mac (811f94d153a2cca4dd1a0863eebe9b09)] -> xpath: //input[@id='keywords']]
2023-07-25 15:07:918 INFO  HomePage :83 - Enter Location [[ChromeDriver: chrome on mac (811f94d153a2cca4dd1a0863eebe9b09)] -> xpath: //input[@id='location']]
2023-07-25 15:07:149 INFO  HomePage :73 - Clicking on login link : [[ChromeDriver: chrome on mac (2ff1d2e5cdf6c5bab01654d81e1835e7)] -> xpath: //span[text()='Accept All']]
2023-07-25 15:07:981 INFO  HomePage :78 - Enter JobTitle [[ChromeDriver: chrome on mac (2ff1d2e5cdf6c5bab01654d81e1835e7)] -> xpath: //input[@id='keywords']]
2023-07-25 15:07:69 INFO  HomePage :83 - Enter Location [[ChromeDriver: chrome on mac (2ff1d2e5cdf6c5bab01654d81e1835e7)] -> xpath: //input[@id='location']]
2023-07-25 15:07:252 INFO  HomePage :88 - Select Miles [[ChromeDriver: chrome on mac (2ff1d2e5cdf6c5bab01654d81e1835e7)] -> xpath: //select[@id='distance']]
2023-07-25 15:07:362 INFO  HomePage :93 - Clicking on More search option : [[ChromeDriver: chrome on mac (2ff1d2e5cdf6c5bab01654d81e1835e7)] -> xpath: //button[@id='toggle-hp-search']]
2023-07-25 15:07:510 INFO  HomePage :98 - Enter Salary Minimum [[ChromeDriver: chrome on mac (2ff1d2e5cdf6c5bab01654d81e1835e7)] -> id: salarymin]
2023-07-25 15:07:608 INFO  HomePage :103 - Enter Salary Maximum [[ChromeDriver: chrome on mac (2ff1d2e5cdf6c5bab01654d81e1835e7)] -> id: salarymax]
2023-07-25 15:07:719 INFO  HomePage :108 - Select Salary Type [[ChromeDriver: chrome on mac (2ff1d2e5cdf6c5bab01654d81e1835e7)] -> id: salarytype]
2023-07-25 15:07:798 INFO  HomePage :113 - Select Job Type [[ChromeDriver: chrome on mac (2ff1d2e5cdf6c5bab01654d81e1835e7)] -> id: tempperm]
2023-07-25 15:07:891 INFO  HomePage :118 - Clicking on Find Jobs Button : [[ChromeDriver: chrome on mac (2ff1d2e5cdf6c5bab01654d81e1835e7)] -> id: hp-search-btn]
2023-07-25 15:07:212 INFO  ResultPage :29 - Getting result [[ChromeDriver: chrome on mac (2ff1d2e5cdf6c5bab01654d81e1835e7)] -> xpath: //h1[@class='search-header__title']]
2023-07-25 15:07:01 INFO  HomePage :73 - Clicking on login link : [[ChromeDriver: chrome on mac (8e10e4fdc5dc2fe1819a92fbc2c2da3d)] -> xpath: //span[text()='Accept All']]
2023-07-25 15:07:694 INFO  HomePage :78 - Enter JobTitle [[ChromeDriver: chrome on mac (8e10e4fdc5dc2fe1819a92fbc2c2da3d)] -> xpath: //input[@id='keywords']]
2023-07-25 15:07:772 INFO  HomePage :83 - Enter Location [[ChromeDriver: chrome on mac (8e10e4fdc5dc2fe1819a92fbc2c2da3d)] -> xpath: //input[@id='location']]
2023-07-25 15:07:03 INFO  HomePage :88 - Select Miles [[ChromeDriver: chrome on mac (8e10e4fdc5dc2fe1819a92fbc2c2da3d)] -> xpath: //select[@id='distance']]
2023-07-25 15:07:146 INFO  HomePage :93 - Clicking on More search option : [[ChromeDriver: chrome on mac (8e10e4fdc5dc2fe1819a92fbc2c2da3d)] -> xpath: //button[@id='toggle-hp-search']]
2023-07-25 15:07:417 INFO  HomePage :98 - Enter Salary Minimum [[ChromeDriver: chrome on mac (8e10e4fdc5dc2fe1819a92fbc2c2da3d)] -> id: salarymin]
2023-07-25 15:07:535 INFO  HomePage :103 - Enter Salary Maximum [[ChromeDriver: chrome on mac (8e10e4fdc5dc2fe1819a92fbc2c2da3d)] -> id: salarymax]
2023-07-25 15:07:643 INFO  HomePage :108 - Select Salary Type [[ChromeDriver: chrome on mac (8e10e4fdc5dc2fe1819a92fbc2c2da3d)] -> id: salarytype]
2023-07-25 15:07:717 INFO  HomePage :113 - Select Job Type [[ChromeDriver: chrome on mac (8e10e4fdc5dc2fe1819a92fbc2c2da3d)] -> id: tempperm]
2023-07-25 15:07:809 INFO  HomePage :118 - Clicking on Find Jobs Button : [[ChromeDriver: chrome on mac (8e10e4fdc5dc2fe1819a92fbc2c2da3d)] -> id: hp-search-btn]
2023-07-25 15:07:226 INFO  ResultPage :29 - Getting result [[ChromeDriver: chrome on mac (8e10e4fdc5dc2fe1819a92fbc2c2da3d)] -> xpath: //h1[@class='search-header__title']]
